build/outputs/logs/manifest-merger-debug-report.txt
-- Merging decision tree log ---
manifest
ADDED from LatinIME/java/AndroidManifest.xml:17:1-192:12
INJECTED from LatinIME/java/AndroidManifest.xml:17:1-192:12
INJECTED from LatinIME/java/AndroidManifest.xml:17:1-192:12
MERGED from [com.android.support:support-v4:28.0.0] AndroidManifest.xml:17:1-22:12
MERGED from [com.android.support:support-media-compat:28.0.0] AndroidManifest.xml:17:1-22:12
MERGED from [com.android.support:support-fragment:28.0.0] AndroidManifest.xml:17:1-22:12
MERGED from [com.android.support:support-core-ui:28.0.0] AndroidManifest.xml:17:1-22:12
MERGED from [com.android.support:support-core-utils:28.0.0] AndroidManifest.xml:17:1-22:12
MERGED from [com.android.support:loader:28.0.0] AndroidManifest.xml:17:1-22:12
MERGED from [com.android.support:viewpager:28.0.0] AndroidManifest.xml:17:1-22:12
MERGED from [com.android.support:coordinatorlayout:28.0.0] AndroidManifest.xml:17:1-22:12
MERGED from [com.android.support:drawerlayout:28.0.0] AndroidManifest.xml:17:1-22:12
MERGED from [com.android.support:slidingpanelayout:28.0.0] AndroidManifest.xml:17:1-22:12
MERGED from [com.android.support:customview:28.0.0] AndroidManifest.xml:17:1-22:12
MERGED from [com.android.support:swiperefreshlayout:28.0.0] AndroidManifest.xml:17:1-22:12
MERGED from [com.android.support:asynclayoutinflater:28.0.0] AndroidManifest.xml:17:1-22:12
MERGED from [com.android.support:support-compat:28.0.0] AndroidManifest.xml:17:1-24:12
MERGED from [com.android.support:versionedparcelable:28.0.0] AndroidManifest.xml:17:1-25:12
MERGED from [android.arch.lifecycle:runtime:1.1.1] AndroidManifest.xml:17:1-22:12
MERGED from [com.android.support:documentfile:28.0.0] AndroidManifest.xml:17:1-22:12
MERGED from [com.android.support:localbroadcastmanager:28.0.0] AndroidManifest.xml:17:1-22:12
MERGED from [com.android.support:print:28.0.0] AndroidManifest.xml:17:1-22:12
MERGED from [com.android.support:interpolator:28.0.0] AndroidManifest.xml:17:1-22:12
MERGED from [com.android.support:cursoradapter:28.0.0] AndroidManifest.xml:17:1-22:12
MERGED from [android.arch.lifecycle:viewmodel:1.1.1] AndroidManifest.xml:17:1-22:12
MERGED from [android.arch.lifecycle:livedata:1.1.1] AndroidManifest.xml:17:1-22:12
MERGED from [android.arch.lifecycle:livedata-core:1.1.1] AndroidManifest.xml:17:1-22:12
MERGED from [android.arch.core:runtime:1.1.1] AndroidManifest.xml:17:1-22:12
INJECTED from LatinIME/java/AndroidManifest.xml:17:1-192:12
INJECTED from LatinIME/java/AndroidManifest.xml:17:1-192:12
	package
		ADDED from LatinIME/java/AndroidManifest.xml:19:9-48
	android:versionName
		INJECTED from LatinIME/java/AndroidManifest.xml
		ADDED from LatinIME/java/AndroidManifest.xml:17:1-192:12
		INJECTED from LatinIME/java/AndroidManifest.xml
	android:versionCode
		INJECTED from LatinIME/java/AndroidManifest.xml
		ADDED from LatinIME/java/AndroidManifest.xml:17:1-192:12
		INJECTED from LatinIME/java/AndroidManifest.xml
	xmlns:android
		ADDED from LatinIME/java/AndroidManifest.xml:17:11-69
	coreApp
		ADDED from LatinIME/java/AndroidManifest.xml:18:9-23
uses-permission#android.permission.ACCESS_NETWORK_STATE
ADDED from LatinIME/java/AndroidManifest.xml:22:5-79
	android:name
		ADDED from LatinIME/java/AndroidManifest.xml:22:22-76
uses-permission#android.permission.DOWNLOAD_WITHOUT_NOTIFICATION
ADDED from LatinIME/java/AndroidManifest.xml:23:5-88
	android:name
		ADDED from LatinIME/java/AndroidManifest.xml:23:22-85
uses-permission#android.permission.GET_ACCOUNTS
ADDED from LatinIME/java/AndroidManifest.xml:24:5-71
	android:name
		ADDED from LatinIME/java/AndroidManifest.xml:24:22-68
uses-permission#android.permission.READ_CONTACTS
ADDED from LatinIME/java/AndroidManifest.xml:25:5-72
	android:name
		ADDED from LatinIME/java/AndroidManifest.xml:25:22-69
uses-permission#android.permission.READ_PROFILE
ADDED from LatinIME/java/AndroidManifest.xml:26:5-71
	android:name
		ADDED from LatinIME/java/AndroidManifest.xml:26:22-68
uses-permission#android.permission.READ_SYNC_SETTINGS
ADDED from LatinIME/java/AndroidManifest.xml:27:5-77
	android:name
		ADDED from LatinIME/java/AndroidManifest.xml:27:22-74
uses-permission#android.permission.READ_SYNC_STATS
ADDED from LatinIME/java/AndroidManifest.xml:28:5-74
	android:name
		ADDED from LatinIME/java/AndroidManifest.xml:28:22-71
uses-permission#android.permission.READ_USER_DICTIONARY
ADDED from LatinIME/java/AndroidManifest.xml:29:5-79
	android:name
		ADDED from LatinIME/java/AndroidManifest.xml:29:22-76
uses-permission#android.permission.RECEIVE_BOOT_COMPLETED
ADDED from LatinIME/java/AndroidManifest.xml:30:5-81
	android:name
		ADDED from LatinIME/java/AndroidManifest.xml:30:22-78
uses-permission#android.permission.USE_CREDENTIALS
ADDED from LatinIME/java/AndroidManifest.xml:31:5-74
	android:name
		ADDED from LatinIME/java/AndroidManifest.xml:31:22-71
uses-permission#android.permission.VIBRATE
ADDED from LatinIME/java/AndroidManifest.xml:32:5-66
	android:name
		ADDED from LatinIME/java/AndroidManifest.xml:32:22-63
uses-permission#android.permission.WRITE_EXTERNAL_STORAGE
ADDED from LatinIME/java/AndroidManifest.xml:33:5-81
	android:name
		ADDED from LatinIME/java/AndroidManifest.xml:33:22-78
uses-permission#android.permission.WRITE_SYNC_SETTINGS
ADDED from LatinIME/java/AndroidManifest.xml:34:5-78
	android:name
		ADDED from LatinIME/java/AndroidManifest.xml:34:22-75
uses-permission#android.permission.WRITE_USER_DICTIONARY
ADDED from LatinIME/java/AndroidManifest.xml:35:5-80
	android:name
		ADDED from LatinIME/java/AndroidManifest.xml:35:22-77
permission#com.android.inputmethod.latin.HIDE_SOFT_INPUT
ADDED from LatinIME/java/AndroidManifest.xml:51:5-52:55
	android:protectionLevel
		ADDED from LatinIME/java/AndroidManifest.xml:52:17-52
	android:name
		ADDED from LatinIME/java/AndroidManifest.xml:51:17-77
application
ADDED from LatinIME/java/AndroidManifest.xml:54:5-191:19
MERGED from [com.android.support:support-compat:28.0.0] AndroidManifest.xml:22:5-94
MERGED from [com.android.support:support-compat:28.0.0] AndroidManifest.xml:22:5-94
MERGED from [com.android.support:versionedparcelable:28.0.0] AndroidManifest.xml:22:5-23:19
MERGED from [com.android.support:versionedparcelable:28.0.0] AndroidManifest.xml:22:5-23:19
	android:appComponentFactory
		ADDED from [com.android.support:support-compat:28.0.0] AndroidManifest.xml:22:18-91
	android:supportsRtl
		ADDED from LatinIME/java/AndroidManifest.xml:56:13-39
	android:label
		ADDED from LatinIME/java/AndroidManifest.xml:54:18-58
	android:defaultToDeviceProtectedStorage
		ADDED from LatinIME/java/AndroidManifest.xml:58:13-59
	android:icon
		ADDED from LatinIME/java/AndroidManifest.xml:55:13-58
	android:allowBackup
		ADDED from LatinIME/java/AndroidManifest.xml:57:13-39
	android:directBootAware
		ADDED from LatinIME/java/AndroidManifest.xml:59:13-43
service#com.android.inputmethod.latin.LatinIME
ADDED from LatinIME/java/AndroidManifest.xml:62:9-69:19
	android:label
		ADDED from LatinIME/java/AndroidManifest.xml:63:17-57
	android:permission
		ADDED from LatinIME/java/AndroidManifest.xml:64:17-74
	android:name
		ADDED from LatinIME/java/AndroidManifest.xml:62:18-41
intent-filter#action:name:android.view.InputMethod
ADDED from LatinIME/java/AndroidManifest.xml:65:13-67:29
action#android.view.InputMethod
ADDED from LatinIME/java/AndroidManifest.xml:66:17-67
	android:name
		ADDED from LatinIME/java/AndroidManifest.xml:66:25-64
meta-data#android.view.im
ADDED from LatinIME/java/AndroidManifest.xml:68:13-88
	android:resource
		ADDED from LatinIME/java/AndroidManifest.xml:68:55-85
	android:name
		ADDED from LatinIME/java/AndroidManifest.xml:68:24-54
service#com.android.inputmethod.latin.spellcheck.AndroidSpellCheckerService
ADDED from LatinIME/java/AndroidManifest.xml:71:9-79:19
	android:label
		ADDED from LatinIME/java/AndroidManifest.xml:72:18-68
	android:permission
		ADDED from LatinIME/java/AndroidManifest.xml:73:18-75
	android:name
		ADDED from LatinIME/java/AndroidManifest.xml:71:18-71
intent-filter#action:name:android.service.textservice.SpellCheckerService
ADDED from LatinIME/java/AndroidManifest.xml:74:13-76:29
action#android.service.textservice.SpellCheckerService
ADDED from LatinIME/java/AndroidManifest.xml:75:17-90
	android:name
		ADDED from LatinIME/java/AndroidManifest.xml:75:25-87
meta-data#android.view.textservice.scs
ADDED from LatinIME/java/AndroidManifest.xml:77:13-78:60
	android:resource
		ADDED from LatinIME/java/AndroidManifest.xml:78:21-57
	android:name
		ADDED from LatinIME/java/AndroidManifest.xml:77:24-67
service#com.android.inputmethod.dictionarypack.DictionaryService
ADDED from LatinIME/java/AndroidManifest.xml:81:9-83:19
	android:label
		ADDED from LatinIME/java/AndroidManifest.xml:82:17-64
	android:name
		ADDED from LatinIME/java/AndroidManifest.xml:81:18-89
activity#com.android.inputmethod.latin.setup.SetupActivity
ADDED from LatinIME/java/AndroidManifest.xml:86:9-96:20
	android:label
		ADDED from LatinIME/java/AndroidManifest.xml:88:17-57
	android:launchMode
		ADDED from LatinIME/java/AndroidManifest.xml:90:17-48
	android:noHistory
		ADDED from LatinIME/java/AndroidManifest.xml:91:17-41
	android:icon
		ADDED from LatinIME/java/AndroidManifest.xml:89:17-62
	android:theme
		ADDED from LatinIME/java/AndroidManifest.xml:87:17-61
	android:name
		ADDED from LatinIME/java/AndroidManifest.xml:86:19-54
intent-filter#action:name:android.intent.action.MAIN+category:name:android.intent.category.LAUNCHER
ADDED from LatinIME/java/AndroidManifest.xml:92:13-95:29
action#android.intent.action.MAIN
ADDED from LatinIME/java/AndroidManifest.xml:93:17-69
	android:name
		ADDED from LatinIME/java/AndroidManifest.xml:93:25-66
category#android.intent.category.LAUNCHER
ADDED from LatinIME/java/AndroidManifest.xml:94:17-77
	android:name
		ADDED from LatinIME/java/AndroidManifest.xml:94:27-74
activity#com.android.inputmethod.latin.permissions.PermissionsActivity
ADDED from LatinIME/java/AndroidManifest.xml:98:9-103:20
	android:exported
		ADDED from LatinIME/java/AndroidManifest.xml:101:13-37
	android:theme
		ADDED from LatinIME/java/AndroidManifest.xml:100:13-72
	android:taskAffinity
		ADDED from LatinIME/java/AndroidManifest.xml:102:13-36
	android:name
		ADDED from LatinIME/java/AndroidManifest.xml:99:13-60
activity#com.android.inputmethod.latin.setup.SetupWizardActivity
ADDED from LatinIME/java/AndroidManifest.xml:105:9-112:20
	android:clearTaskOnLaunch
		ADDED from LatinIME/java/AndroidManifest.xml:108:17-49
	android:label
		ADDED from LatinIME/java/AndroidManifest.xml:107:17-57
	android:theme
		ADDED from LatinIME/java/AndroidManifest.xml:106:17-61
	android:name
		ADDED from LatinIME/java/AndroidManifest.xml:105:19-60
intent-filter#action:name:android.intent.action.MAIN
ADDED from LatinIME/java/AndroidManifest.xml:109:13-111:29
activity#com.android.inputmethod.latin.settings.SettingsActivity
ADDED from LatinIME/java/AndroidManifest.xml:114:9-120:20
	android:label
		ADDED from LatinIME/java/AndroidManifest.xml:116:17-61
	android:theme
		ADDED from LatinIME/java/AndroidManifest.xml:115:17-61
	android:name
		ADDED from LatinIME/java/AndroidManifest.xml:114:19-60
activity#com.android.inputmethod.latin.spellcheck.SpellCheckerSettingsActivity
ADDED from LatinIME/java/AndroidManifest.xml:122:9-128:20
	android:label
		ADDED from LatinIME/java/AndroidManifest.xml:124:19-73
	android:theme
		ADDED from LatinIME/java/AndroidManifest.xml:123:19-63
	android:name
		ADDED from LatinIME/java/AndroidManifest.xml:122:19-74
activity#com.android.inputmethod.dictionarypack.DictionarySettingsActivity
ADDED from LatinIME/java/AndroidManifest.xml:130:9-137:20
	android:label
		ADDED from LatinIME/java/AndroidManifest.xml:132:17-66
	android:uiOptions
		ADDED from LatinIME/java/AndroidManifest.xml:133:17-61
	android:theme
		ADDED from LatinIME/java/AndroidManifest.xml:131:17-61
	android:name
		ADDED from LatinIME/java/AndroidManifest.xml:130:19-99
activity#com.android.inputmethod.dictionarypack.DownloadOverMeteredDialog
ADDED from LatinIME/java/AndroidManifest.xml:139:9-145:20
	android:label
		ADDED from LatinIME/java/AndroidManifest.xml:141:17-87
	android:theme
		ADDED from LatinIME/java/AndroidManifest.xml:140:17-61
	android:name
		ADDED from LatinIME/java/AndroidManifest.xml:139:19-98
activity#com.android.inputmethod.latin.settings.TestFragmentActivity
ADDED from LatinIME/java/AndroidManifest.xml:148:9-149:44
	android:exported
		ADDED from LatinIME/java/AndroidManifest.xml:149:17-41
	android:name
		ADDED from LatinIME/java/AndroidManifest.xml:148:19-64
receiver#com.android.inputmethod.latin.SystemBroadcastReceiver
ADDED from LatinIME/java/AndroidManifest.xml:152:9-159:20
	android:name
		ADDED from LatinIME/java/AndroidManifest.xml:152:19-57
intent-filter#action:name:android.intent.action.BOOT_COMPLETED+action:name:android.intent.action.LOCALE_CHANGED+action:name:android.intent.action.MY_PACKAGE_REPLACED+action:name:android.intent.action.USER_INITIALIZE
ADDED from LatinIME/java/AndroidManifest.xml:153:13-158:29
action#android.intent.action.MY_PACKAGE_REPLACED
ADDED from LatinIME/java/AndroidManifest.xml:154:17-84
	android:name
		ADDED from LatinIME/java/AndroidManifest.xml:154:25-81
action#android.intent.action.BOOT_COMPLETED
ADDED from LatinIME/java/AndroidManifest.xml:155:17-79
	android:name
		ADDED from LatinIME/java/AndroidManifest.xml:155:25-76
action#android.intent.action.USER_INITIALIZE
ADDED from LatinIME/java/AndroidManifest.xml:156:17-80
	android:name
		ADDED from LatinIME/java/AndroidManifest.xml:156:25-77
action#android.intent.action.LOCALE_CHANGED
ADDED from LatinIME/java/AndroidManifest.xml:157:17-79
	android:name
		ADDED from LatinIME/java/AndroidManifest.xml:157:25-76
receiver#com.android.inputmethod.latin.DictionaryPackInstallBroadcastReceiver
ADDED from LatinIME/java/AndroidManifest.xml:161:9-165:20
	android:exported
		ADDED from LatinIME/java/AndroidManifest.xml:161:73-97
	android:name
		ADDED from LatinIME/java/AndroidManifest.xml:161:19-72
intent-filter#action:name:com.android.inputmethod.dictionarypack.aosp.UNKNOWN_CLIENT
ADDED from LatinIME/java/AndroidManifest.xml:162:13-164:29
action#com.android.inputmethod.dictionarypack.aosp.UNKNOWN_CLIENT
ADDED from LatinIME/java/AndroidManifest.xml:163:17-101
	android:name
		ADDED from LatinIME/java/AndroidManifest.xml:163:25-98
receiver#com.android.inputmethod.dictionarypack.EventHandler
ADDED from LatinIME/java/AndroidManifest.xml:167:9-174:20
	android:name
		ADDED from LatinIME/java/AndroidManifest.xml:167:19-85
intent-filter#action:name:android.intent.action.DATE_CHANGED+action:name:android.intent.action.DOWNLOAD_COMPLETE+action:name:com.android.inputmethod.dictionarypack.aosp.INIT_AND_UPDATE_NOW+action:name:com.android.inputmethod.dictionarypack.aosp.UPDATE_NOW
ADDED from LatinIME/java/AndroidManifest.xml:168:13-173:29
action#android.intent.action.DOWNLOAD_COMPLETE
ADDED from LatinIME/java/AndroidManifest.xml:169:17-82
	android:name
		ADDED from LatinIME/java/AndroidManifest.xml:169:25-79
action#android.intent.action.DATE_CHANGED
ADDED from LatinIME/java/AndroidManifest.xml:170:17-77
	android:name
		ADDED from LatinIME/java/AndroidManifest.xml:170:25-74
action#com.android.inputmethod.dictionarypack.aosp.UPDATE_NOW
ADDED from LatinIME/java/AndroidManifest.xml:171:17-97
	android:name
		ADDED from LatinIME/java/AndroidManifest.xml:171:25-94
action#com.android.inputmethod.dictionarypack.aosp.INIT_AND_UPDATE_NOW
ADDED from LatinIME/java/AndroidManifest.xml:172:17-106
	android:name
		ADDED from LatinIME/java/AndroidManifest.xml:172:25-103
receiver#com.android.inputmethod.latin.accounts.AccountsChangedReceiver
ADDED from LatinIME/java/AndroidManifest.xml:177:9-181:20
	android:name
		ADDED from LatinIME/java/AndroidManifest.xml:177:19-67
intent-filter#action:name:android.accounts.LOGIN_ACCOUNTS_CHANGED
ADDED from LatinIME/java/AndroidManifest.xml:178:13-180:29
action#android.accounts.LOGIN_ACCOUNTS_CHANGED
ADDED from LatinIME/java/AndroidManifest.xml:179:17-82
	android:name
		ADDED from LatinIME/java/AndroidManifest.xml:179:25-79
provider#com.android.inputmethod.dictionarypack.DictionaryProvider
ADDED from LatinIME/java/AndroidManifest.xml:184:9-190:20
	android:grantUriPermissions
		ADDED from LatinIME/java/AndroidManifest.xml:185:17-51
	android:authorities
		ADDED from LatinIME/java/AndroidManifest.xml:187:17-56
	android:label
		ADDED from LatinIME/java/AndroidManifest.xml:189:17-65
	android:multiprocess
		ADDED from LatinIME/java/AndroidManifest.xml:188:17-45
	android:exported
		ADDED from LatinIME/java/AndroidManifest.xml:186:17-41
	android:name
		ADDED from LatinIME/java/AndroidManifest.xml:184:19-91
uses-sdk
INJECTED from LatinIME/java/AndroidManifest.xml reason: use-sdk injection requested
INJECTED from LatinIME/java/AndroidManifest.xml
INJECTED from LatinIME/java/AndroidManifest.xml
MERGED from [com.android.support:support-v4:28.0.0] AndroidManifest.xml:20:5-44
MERGED from [com.android.support:support-v4:28.0.0] AndroidManifest.xml:20:5-44
MERGED from [com.android.support:support-media-compat:28.0.0] AndroidManifest.xml:20:5-44
MERGED from [com.android.support:support-media-compat:28.0.0] AndroidManifest.xml:20:5-44
MERGED from [com.android.support:support-fragment:28.0.0] AndroidManifest.xml:20:5-44
MERGED from [com.android.support:support-fragment:28.0.0] AndroidManifest.xml:20:5-44
MERGED from [com.android.support:support-core-ui:28.0.0] AndroidManifest.xml:20:5-44
MERGED from [com.android.support:support-core-ui:28.0.0] AndroidManifest.xml:20:5-44
MERGED from [com.android.support:support-core-utils:28.0.0] AndroidManifest.xml:20:5-44
MERGED from [com.android.support:support-core-utils:28.0.0] AndroidManifest.xml:20:5-44
MERGED from [com.android.support:loader:28.0.0] AndroidManifest.xml:20:5-44
MERGED from [com.android.support:loader:28.0.0] AndroidManifest.xml:20:5-44
MERGED from [com.android.support:viewpager:28.0.0] AndroidManifest.xml:20:5-44
MERGED from [com.android.support:viewpager:28.0.0] AndroidManifest.xml:20:5-44
MERGED from [com.android.support:coordinatorlayout:28.0.0] AndroidManifest.xml:20:5-44
MERGED from [com.android.support:coordinatorlayout:28.0.0] AndroidManifest.xml:20:5-44
MERGED from [com.android.support:drawerlayout:28.0.0] AndroidManifest.xml:20:5-44
MERGED from [com.android.support:drawerlayout:28.0.0] AndroidManifest.xml:20:5-44
MERGED from [com.android.support:slidingpanelayout:28.0.0] AndroidManifest.xml:20:5-44
MERGED from [com.android.support:slidingpanelayout:28.0.0] AndroidManifest.xml:20:5-44
MERGED from [com.android.support:customview:28.0.0] AndroidManifest.xml:20:5-44
MERGED from [com.android.support:customview:28.0.0] AndroidManifest.xml:20:5-44
MERGED from [com.android.support:swiperefreshlayout:28.0.0] AndroidManifest.xml:20:5-44
MERGED from [com.android.support:swiperefreshlayout:28.0.0] AndroidManifest.xml:20:5-44
MERGED from [com.android.support:asynclayoutinflater:28.0.0] AndroidManifest.xml:20:5-44
MERGED from [com.android.support:asynclayoutinflater:28.0.0] AndroidManifest.xml:20:5-44
MERGED from [com.android.support:support-compat:28.0.0] AndroidManifest.xml:20:5-44
MERGED from [com.android.support:support-compat:28.0.0] AndroidManifest.xml:20:5-44
MERGED from [com.android.support:versionedparcelable:28.0.0] AndroidManifest.xml:20:5-44
MERGED from [com.android.support:versionedparcelable:28.0.0] AndroidManifest.xml:20:5-44
MERGED from [android.arch.lifecycle:runtime:1.1.1] AndroidManifest.xml:20:5-44
MERGED from [android.arch.lifecycle:runtime:1.1.1] AndroidManifest.xml:20:5-44
MERGED from [com.android.support:documentfile:28.0.0] AndroidManifest.xml:20:5-44
MERGED from [com.android.support:documentfile:28.0.0] AndroidManifest.xml:20:5-44
MERGED from [com.android.support:localbroadcastmanager:28.0.0] AndroidManifest.xml:20:5-44
MERGED from [com.android.support:localbroadcastmanager:28.0.0] AndroidManifest.xml:20:5-44
MERGED from [com.android.support:print:28.0.0] AndroidManifest.xml:20:5-44
MERGED from [com.android.support:print:28.0.0] AndroidManifest.xml:20:5-44
MERGED from [com.android.support:interpolator:28.0.0] AndroidManifest.xml:20:5-44
MERGED from [com.android.support:interpolator:28.0.0] AndroidManifest.xml:20:5-44
MERGED from [com.android.support:cursoradapter:28.0.0] AndroidManifest.xml:20:5-44
MERGED from [com.android.support:cursoradapter:28.0.0] AndroidManifest.xml:20:5-44
MERGED from [android.arch.lifecycle:viewmodel:1.1.1] AndroidManifest.xml:20:5-44
MERGED from [android.arch.lifecycle:viewmodel:1.1.1] AndroidManifest.xml:20:5-44
MERGED from [android.arch.lifecycle:livedata:1.1.1] AndroidManifest.xml:20:5-44
MERGED from [android.arch.lifecycle:livedata:1.1.1] AndroidManifest.xml:20:5-44
MERGED from [android.arch.lifecycle:livedata-core:1.1.1] AndroidManifest.xml:20:5-44
MERGED from [android.arch.lifecycle:livedata-core:1.1.1] AndroidManifest.xml:20:5-44
MERGED from [android.arch.core:runtime:1.1.1] AndroidManifest.xml:20:5-44
MERGED from [android.arch.core:runtime:1.1.1] AndroidManifest.xml:20:5-44
INJECTED from LatinIME/java/AndroidManifest.xml
INJECTED from LatinIME/java/AndroidManifest.xml
	android:targetSdkVersion
		INJECTED from LatinIME/java/AndroidManifest.xml
		ADDED from LatinIME/java/AndroidManifest.xml
		INJECTED from LatinIME/java/AndroidManifest.xml
	android:minSdkVersion
		INJECTED from LatinIME/java/AndroidManifest.xml
		ADDED from LatinIME/java/AndroidManifest.xml
		INJECTED from LatinIME/java/AndroidManifest.xml